{"numFailedTestSuites":1,"numFailedTests":1,"numPassedTestSuites":0,"numPassedTests":1,"numPendingTestSuites":0,"numPendingTests":0,"numRuntimeErrorTestSuites":0,"numTodoTests":0,"numTotalTestSuites":1,"numTotalTests":2,"openHandles":[],"snapshot":{"added":0,"didUpdate":false,"failure":false,"filesAdded":0,"filesRemoved":0,"filesRemovedList":[],"filesUnmatched":0,"filesUpdated":0,"matched":0,"total":0,"unchecked":0,"uncheckedKeysByFile":[],"unmatched":0,"updated":0},"startTime":1748183968281,"success":false,"testResults":[{"assertionResults":[{"ancestorTitles":["Given I am connected as an employee","When I am on Bills Page"],"failureMessages":[],"fullName":"Given I am connected as an employee When I am on Bills Page Then bill icon in vertical layout should be highlighted","location":{"column":4,"line":15},"status":"passed","title":"Then bill icon in vertical layout should be highlighted"},{"ancestorTitles":["Given I am connected as an employee","When I am on Bills Page"],"failureMessages":["Error: \u001b[2mexpect(\u001b[22m\u001b[31mreceived\u001b[39m\u001b[2m).\u001b[22mtoEqual\u001b[2m(\u001b[22m\u001b[32mexpected\u001b[39m\u001b[2m) // deep equality\u001b[22m\n\n\u001b[32m- Expected  - 3\u001b[39m\n\u001b[31m+ Received  + 3\u001b[39m\n\n\u001b[2m  Array [\u001b[22m\n\u001b[2m    \"2004-04-04\",\u001b[22m\n\u001b[32m-   \"2004-04-04\",\u001b[39m\n\u001b[2m    \"2003-03-03\",\u001b[22m\n\u001b[32m-   \"2003-03-03\",\u001b[39m\n\u001b[32m-   \"2002-02-02\",\u001b[39m\n\u001b[2m    \"2002-02-02\",\u001b[22m\n\u001b[2m    \"2001-01-01\",\u001b[22m\n\u001b[31m+   \"2004-04-04\",\u001b[39m\n\u001b[2m    \"2001-01-01\",\u001b[22m\n\u001b[31m+   \"2003-03-03\",\u001b[39m\n\u001b[31m+   \"2002-02-02\",\u001b[39m\n\u001b[2m  ]\u001b[22m\n    at Object.<anonymous> (D:\\OpenClassRooms\\Projet 9\\bill-app\\Billed-app-FR-Front\\src\\__tests__\\Bills.js:36:21)\n    at Object.asyncJestTest (D:\\OpenClassRooms\\Projet 9\\bill-app\\Billed-app-FR-Front\\node_modules\\jest-jasmine2\\build\\jasmineAsyncInstall.js:100:37)\n    at D:\\OpenClassRooms\\Projet 9\\bill-app\\Billed-app-FR-Front\\node_modules\\jest-jasmine2\\build\\queueRunner.js:47:12\n    at new Promise (<anonymous>)\n    at mapper (D:\\OpenClassRooms\\Projet 9\\bill-app\\Billed-app-FR-Front\\node_modules\\jest-jasmine2\\build\\queueRunner.js:30:19)\n    at D:\\OpenClassRooms\\Projet 9\\bill-app\\Billed-app-FR-Front\\node_modules\\jest-jasmine2\\build\\queueRunner.js:77:41"],"fullName":"Given I am connected as an employee When I am on Bills Page Then bills should be ordered from earliest to latest","location":{"column":4,"line":31},"status":"failed","title":"Then bills should be ordered from earliest to latest"}],"endTime":1748183969900,"message":"\u001b[1m\u001b[31m  \u001b[1m● \u001b[22m\u001b[1mGiven I am connected as an employee › When I am on Bills Page › Then bills should be ordered from earliest to latest\u001b[39m\u001b[22m\n\n    \u001b[2mexpect(\u001b[22m\u001b[31mreceived\u001b[39m\u001b[2m).\u001b[22mtoEqual\u001b[2m(\u001b[22m\u001b[32mexpected\u001b[39m\u001b[2m) // deep equality\u001b[22m\n\n    \u001b[32m- Expected  - 3\u001b[39m\n    \u001b[31m+ Received  + 3\u001b[39m\n\n    \u001b[2m  Array [\u001b[22m\n    \u001b[2m    \"2004-04-04\",\u001b[22m\n    \u001b[32m-   \"2004-04-04\",\u001b[39m\n    \u001b[2m    \"2003-03-03\",\u001b[22m\n    \u001b[32m-   \"2003-03-03\",\u001b[39m\n    \u001b[32m-   \"2002-02-02\",\u001b[39m\n    \u001b[2m    \"2002-02-02\",\u001b[22m\n    \u001b[2m    \"2001-01-01\",\u001b[22m\n    \u001b[31m+   \"2004-04-04\",\u001b[39m\n    \u001b[2m    \"2001-01-01\",\u001b[22m\n    \u001b[31m+   \"2003-03-03\",\u001b[39m\n    \u001b[31m+   \"2002-02-02\",\u001b[39m\n    \u001b[2m  ]\u001b[22m\n","name":"D:\\OpenClassRooms\\Projet 9\\bill-app\\Billed-app-FR-Front\\src\\__tests__\\Bills.js","startTime":1748183968794,"status":"failed","summary":""}],"wasInterrupted":false}